{"G:\\Interviews\\To-Do-App\\to-do-app\\api\\controllers\\ToDoController.js": {"path":"G:\\Interviews\\To-Do-App\\to-do-app\\api\\controllers\\ToDoController.js","statementMap":{"0":{"start":{"line":9,"column":13},"end":{"line":9,"column":41}},"1":{"start":{"line":11,"column":0},"end":{"line":250,"column":2}},"2":{"start":{"line":14,"column":4},"end":{"line":70,"column":5}},"3":{"start":{"line":15,"column":21},"end":{"line":15,"column":36}},"4":{"start":{"line":17,"column":37},"end":{"line":17,"column":45}},"5":{"start":{"line":20,"column":6},"end":{"line":26,"column":7}},"6":{"start":{"line":21,"column":8},"end":{"line":25,"column":11}},"7":{"start":{"line":29,"column":23},"end":{"line":33,"column":8}},"8":{"start":{"line":35,"column":6},"end":{"line":41,"column":7}},"9":{"start":{"line":36,"column":8},"end":{"line":40,"column":11}},"10":{"start":{"line":43,"column":25},"end":{"line":46,"column":7}},"11":{"start":{"line":48,"column":6},"end":{"line":50,"column":7}},"12":{"start":{"line":49,"column":8},"end":{"line":49,"column":45}},"13":{"start":{"line":53,"column":19},"end":{"line":53,"column":56}},"14":{"start":{"line":56,"column":6},"end":{"line":60,"column":9}},"15":{"start":{"line":62,"column":6},"end":{"line":62,"column":42}},"16":{"start":{"line":65,"column":6},"end":{"line":69,"column":9}},"17":{"start":{"line":75,"column":4},"end":{"line":142,"column":5}},"18":{"start":{"line":76,"column":21},"end":{"line":76,"column":36}},"19":{"start":{"line":77,"column":21},"end":{"line":77,"column":31}},"20":{"start":{"line":78,"column":45},"end":{"line":78,"column":53}},"21":{"start":{"line":81,"column":23},"end":{"line":81,"column":73}},"22":{"start":{"line":83,"column":6},"end":{"line":89,"column":7}},"23":{"start":{"line":84,"column":8},"end":{"line":88,"column":11}},"24":{"start":{"line":91,"column":25},"end":{"line":93,"column":7}},"25":{"start":{"line":95,"column":6},"end":{"line":112,"column":7}},"26":{"start":{"line":96,"column":30},"end":{"line":101,"column":10}},"27":{"start":{"line":103,"column":8},"end":{"line":109,"column":9}},"28":{"start":{"line":104,"column":10},"end":{"line":108,"column":13}},"29":{"start":{"line":111,"column":8},"end":{"line":111,"column":33}},"30":{"start":{"line":114,"column":6},"end":{"line":116,"column":7}},"31":{"start":{"line":115,"column":8},"end":{"line":115,"column":45}},"32":{"start":{"line":118,"column":6},"end":{"line":120,"column":7}},"33":{"start":{"line":119,"column":8},"end":{"line":119,"column":35}},"34":{"start":{"line":123,"column":26},"end":{"line":125,"column":16}},"35":{"start":{"line":128,"column":6},"end":{"line":132,"column":9}},"36":{"start":{"line":134,"column":6},"end":{"line":134,"column":42}},"37":{"start":{"line":137,"column":6},"end":{"line":141,"column":9}},"38":{"start":{"line":147,"column":4},"end":{"line":167,"column":5}},"39":{"start":{"line":148,"column":21},"end":{"line":148,"column":36}},"40":{"start":{"line":150,"column":23},"end":{"line":150,"column":78}},"41":{"start":{"line":153,"column":6},"end":{"line":157,"column":9}},"42":{"start":{"line":159,"column":6},"end":{"line":159,"column":49}},"43":{"start":{"line":162,"column":6},"end":{"line":166,"column":9}},"44":{"start":{"line":172,"column":4},"end":{"line":208,"column":5}},"45":{"start":{"line":174,"column":21},"end":{"line":174,"column":36}},"46":{"start":{"line":175,"column":17},"end":{"line":175,"column":30}},"47":{"start":{"line":178,"column":26},"end":{"line":182,"column":8}},"48":{"start":{"line":185,"column":6},"end":{"line":191,"column":7}},"49":{"start":{"line":186,"column":8},"end":{"line":190,"column":11}},"50":{"start":{"line":194,"column":6},"end":{"line":198,"column":9}},"51":{"start":{"line":200,"column":6},"end":{"line":200,"column":49}},"52":{"start":{"line":203,"column":6},"end":{"line":207,"column":9}},"53":{"start":{"line":213,"column":4},"end":{"line":248,"column":5}},"54":{"start":{"line":214,"column":21},"end":{"line":214,"column":36}},"55":{"start":{"line":215,"column":21},"end":{"line":215,"column":31}},"56":{"start":{"line":218,"column":23},"end":{"line":218,"column":54}},"57":{"start":{"line":220,"column":6},"end":{"line":226,"column":7}},"58":{"start":{"line":221,"column":8},"end":{"line":225,"column":11}},"59":{"start":{"line":229,"column":26},"end":{"line":231,"column":16}},"60":{"start":{"line":234,"column":6},"end":{"line":238,"column":9}},"61":{"start":{"line":240,"column":6},"end":{"line":240,"column":42}},"62":{"start":{"line":243,"column":6},"end":{"line":247,"column":9}}},"fnMap":{"0":{"name":"(anonymous_0)","decl":{"start":{"line":13,"column":14},"end":{"line":13,"column":15}},"loc":{"start":{"line":13,"column":40},"end":{"line":71,"column":3}},"line":13},"1":{"name":"(anonymous_1)","decl":{"start":{"line":74,"column":14},"end":{"line":74,"column":15}},"loc":{"start":{"line":74,"column":40},"end":{"line":143,"column":3}},"line":74},"2":{"name":"(anonymous_2)","decl":{"start":{"line":146,"column":8},"end":{"line":146,"column":9}},"loc":{"start":{"line":146,"column":34},"end":{"line":168,"column":3}},"line":146},"3":{"name":"(anonymous_3)","decl":{"start":{"line":171,"column":7},"end":{"line":171,"column":8}},"loc":{"start":{"line":171,"column":33},"end":{"line":209,"column":3}},"line":171},"4":{"name":"(anonymous_4)","decl":{"start":{"line":212,"column":10},"end":{"line":212,"column":11}},"loc":{"start":{"line":212,"column":36},"end":{"line":249,"column":3}},"line":212}},"branchMap":{"0":{"loc":{"start":{"line":20,"column":6},"end":{"line":26,"column":7}},"type":"if","locations":[{"start":{"line":20,"column":6},"end":{"line":26,"column":7}},{"start":{},"end":{}}],"line":20},"1":{"loc":{"start":{"line":35,"column":6},"end":{"line":41,"column":7}},"type":"if","locations":[{"start":{"line":35,"column":6},"end":{"line":41,"column":7}},{"start":{},"end":{}}],"line":35},"2":{"loc":{"start":{"line":48,"column":6},"end":{"line":50,"column":7}},"type":"if","locations":[{"start":{"line":48,"column":6},"end":{"line":50,"column":7}},{"start":{},"end":{}}],"line":48},"3":{"loc":{"start":{"line":83,"column":6},"end":{"line":89,"column":7}},"type":"if","locations":[{"start":{"line":83,"column":6},"end":{"line":89,"column":7}},{"start":{},"end":{}}],"line":83},"4":{"loc":{"start":{"line":95,"column":6},"end":{"line":112,"column":7}},"type":"if","locations":[{"start":{"line":95,"column":6},"end":{"line":112,"column":7}},{"start":{},"end":{}}],"line":95},"5":{"loc":{"start":{"line":103,"column":8},"end":{"line":109,"column":9}},"type":"if","locations":[{"start":{"line":103,"column":8},"end":{"line":109,"column":9}},{"start":{},"end":{}}],"line":103},"6":{"loc":{"start":{"line":114,"column":6},"end":{"line":116,"column":7}},"type":"if","locations":[{"start":{"line":114,"column":6},"end":{"line":116,"column":7}},{"start":{},"end":{}}],"line":114},"7":{"loc":{"start":{"line":118,"column":6},"end":{"line":120,"column":7}},"type":"if","locations":[{"start":{"line":118,"column":6},"end":{"line":120,"column":7}},{"start":{},"end":{}}],"line":118},"8":{"loc":{"start":{"line":185,"column":6},"end":{"line":191,"column":7}},"type":"if","locations":[{"start":{"line":185,"column":6},"end":{"line":191,"column":7}},{"start":{},"end":{}}],"line":185},"9":{"loc":{"start":{"line":220,"column":6},"end":{"line":226,"column":7}},"type":"if","locations":[{"start":{"line":220,"column":6},"end":{"line":226,"column":7}},{"start":{},"end":{}}],"line":220}},"s":{"0":1,"1":1,"2":0,"3":0,"4":0,"5":0,"6":0,"7":0,"8":0,"9":0,"10":0,"11":0,"12":0,"13":0,"14":0,"15":0,"16":0,"17":0,"18":0,"19":0,"20":0,"21":0,"22":0,"23":0,"24":0,"25":0,"26":0,"27":0,"28":0,"29":0,"30":0,"31":0,"32":0,"33":0,"34":0,"35":0,"36":0,"37":0,"38":0,"39":0,"40":0,"41":0,"42":0,"43":0,"44":0,"45":0,"46":0,"47":0,"48":0,"49":0,"50":0,"51":0,"52":0,"53":0,"54":0,"55":0,"56":0,"57":0,"58":0,"59":0,"60":0,"61":0,"62":0},"f":{"0":0,"1":0,"2":0,"3":0,"4":0},"b":{"0":[0,0],"1":[0,0],"2":[0,0],"3":[0,0],"4":[0,0],"5":[0,0],"6":[0,0],"7":[0,0],"8":[0,0],"9":[0,0]},"_coverageSchema":"1a1c01bbd47fc00a2c39e90264f33305004495a9","hash":"e4de4829926b955d211a111f96af1c69d73c4ac6"}
,"G:\\Interviews\\To-Do-App\\to-do-app\\api\\controllers\\UserController.js": {"path":"G:\\Interviews\\To-Do-App\\to-do-app\\api\\controllers\\UserController.js","statementMap":{"0":{"start":{"line":8,"column":12},"end":{"line":8,"column":35}},"1":{"start":{"line":9,"column":13},"end":{"line":9,"column":30}},"2":{"start":{"line":10,"column":15},"end":{"line":10,"column":32}},"3":{"start":{"line":11,"column":13},"end":{"line":11,"column":41}},"4":{"start":{"line":13,"column":0},"end":{"line":13,"column":16}},"5":{"start":{"line":15,"column":0},"end":{"line":220,"column":2}},"6":{"start":{"line":18,"column":4},"end":{"line":86,"column":5}},"7":{"start":{"line":19,"column":40},"end":{"line":19,"column":48}},"8":{"start":{"line":21,"column":6},"end":{"line":21,"column":44}},"9":{"start":{"line":24,"column":6},"end":{"line":30,"column":7}},"10":{"start":{"line":25,"column":8},"end":{"line":29,"column":11}},"11":{"start":{"line":33,"column":23},"end":{"line":33,"column":59}},"12":{"start":{"line":35,"column":6},"end":{"line":41,"column":7}},"13":{"start":{"line":36,"column":8},"end":{"line":40,"column":11}},"14":{"start":{"line":44,"column":29},"end":{"line":44,"column":60}},"15":{"start":{"line":47,"column":25},"end":{"line":51,"column":16}},"16":{"start":{"line":54,"column":20},"end":{"line":58,"column":7}},"17":{"start":{"line":60,"column":6},"end":{"line":60,"column":34}},"18":{"start":{"line":62,"column":6},"end":{"line":62,"column":44}},"19":{"start":{"line":64,"column":19},"end":{"line":66,"column":16}},"20":{"start":{"line":69,"column":6},"end":{"line":69,"column":27}},"21":{"start":{"line":72,"column":6},"end":{"line":76,"column":9}},"22":{"start":{"line":78,"column":6},"end":{"line":78,"column":42}},"23":{"start":{"line":81,"column":6},"end":{"line":85,"column":9}},"24":{"start":{"line":91,"column":4},"end":{"line":164,"column":5}},"25":{"start":{"line":92,"column":6},"end":{"line":92,"column":28}},"26":{"start":{"line":94,"column":34},"end":{"line":94,"column":42}},"27":{"start":{"line":97,"column":6},"end":{"line":103,"column":7}},"28":{"start":{"line":98,"column":8},"end":{"line":102,"column":11}},"29":{"start":{"line":105,"column":6},"end":{"line":105,"column":37}},"30":{"start":{"line":108,"column":19},"end":{"line":108,"column":48}},"31":{"start":{"line":110,"column":6},"end":{"line":110,"column":24}},"32":{"start":{"line":113,"column":6},"end":{"line":119,"column":7}},"33":{"start":{"line":114,"column":8},"end":{"line":118,"column":11}},"34":{"start":{"line":122,"column":21},"end":{"line":122,"column":66}},"35":{"start":{"line":124,"column":6},"end":{"line":131,"column":7}},"36":{"start":{"line":126,"column":8},"end":{"line":130,"column":11}},"37":{"start":{"line":134,"column":20},"end":{"line":138,"column":7}},"38":{"start":{"line":141,"column":26},"end":{"line":145,"column":16}},"39":{"start":{"line":148,"column":6},"end":{"line":148,"column":27}},"40":{"start":{"line":150,"column":6},"end":{"line":154,"column":9}},"41":{"start":{"line":156,"column":6},"end":{"line":156,"column":41}},"42":{"start":{"line":159,"column":6},"end":{"line":163,"column":9}},"43":{"start":{"line":169,"column":4},"end":{"line":218,"column":5}},"44":{"start":{"line":170,"column":6},"end":{"line":170,"column":32}},"45":{"start":{"line":172,"column":6},"end":{"line":178,"column":7}},"46":{"start":{"line":173,"column":8},"end":{"line":177,"column":11}},"47":{"start":{"line":180,"column":21},"end":{"line":180,"column":39}},"48":{"start":{"line":183,"column":19},"end":{"line":183,"column":56}},"49":{"start":{"line":185,"column":6},"end":{"line":191,"column":7}},"50":{"start":{"line":186,"column":8},"end":{"line":190,"column":11}},"51":{"start":{"line":193,"column":6},"end":{"line":199,"column":7}},"52":{"start":{"line":194,"column":8},"end":{"line":198,"column":11}},"53":{"start":{"line":202,"column":6},"end":{"line":202,"column":72}},"54":{"start":{"line":204,"column":6},"end":{"line":208,"column":9}},"55":{"start":{"line":210,"column":6},"end":{"line":210,"column":42}},"56":{"start":{"line":213,"column":6},"end":{"line":217,"column":9}}},"fnMap":{"0":{"name":"(anonymous_0)","decl":{"start":{"line":17,"column":10},"end":{"line":17,"column":11}},"loc":{"start":{"line":17,"column":36},"end":{"line":87,"column":3}},"line":17},"1":{"name":"(anonymous_1)","decl":{"start":{"line":90,"column":9},"end":{"line":90,"column":10}},"loc":{"start":{"line":90,"column":35},"end":{"line":165,"column":3}},"line":90},"2":{"name":"(anonymous_2)","decl":{"start":{"line":168,"column":10},"end":{"line":168,"column":11}},"loc":{"start":{"line":168,"column":36},"end":{"line":219,"column":3}},"line":168}},"branchMap":{"0":{"loc":{"start":{"line":24,"column":6},"end":{"line":30,"column":7}},"type":"if","locations":[{"start":{"line":24,"column":6},"end":{"line":30,"column":7}},{"start":{},"end":{}}],"line":24},"1":{"loc":{"start":{"line":24,"column":10},"end":{"line":24,"column":38}},"type":"binary-expr","locations":[{"start":{"line":24,"column":10},"end":{"line":24,"column":15}},{"start":{"line":24,"column":19},"end":{"line":24,"column":25}},{"start":{"line":24,"column":29},"end":{"line":24,"column":38}}],"line":24},"2":{"loc":{"start":{"line":35,"column":6},"end":{"line":41,"column":7}},"type":"if","locations":[{"start":{"line":35,"column":6},"end":{"line":41,"column":7}},{"start":{},"end":{}}],"line":35},"3":{"loc":{"start":{"line":97,"column":6},"end":{"line":103,"column":7}},"type":"if","locations":[{"start":{"line":97,"column":6},"end":{"line":103,"column":7}},{"start":{},"end":{}}],"line":97},"4":{"loc":{"start":{"line":97,"column":10},"end":{"line":97,"column":29}},"type":"binary-expr","locations":[{"start":{"line":97,"column":10},"end":{"line":97,"column":16}},{"start":{"line":97,"column":20},"end":{"line":97,"column":29}}],"line":97},"5":{"loc":{"start":{"line":113,"column":6},"end":{"line":119,"column":7}},"type":"if","locations":[{"start":{"line":113,"column":6},"end":{"line":119,"column":7}},{"start":{},"end":{}}],"line":113},"6":{"loc":{"start":{"line":124,"column":6},"end":{"line":131,"column":7}},"type":"if","locations":[{"start":{"line":124,"column":6},"end":{"line":131,"column":7}},{"start":{},"end":{}}],"line":124},"7":{"loc":{"start":{"line":172,"column":6},"end":{"line":178,"column":7}},"type":"if","locations":[{"start":{"line":172,"column":6},"end":{"line":178,"column":7}},{"start":{},"end":{}}],"line":172},"8":{"loc":{"start":{"line":172,"column":10},"end":{"line":172,"column":46}},"type":"binary-expr","locations":[{"start":{"line":172,"column":10},"end":{"line":172,"column":23}},{"start":{"line":172,"column":27},"end":{"line":172,"column":46}}],"line":172},"9":{"loc":{"start":{"line":185,"column":6},"end":{"line":191,"column":7}},"type":"if","locations":[{"start":{"line":185,"column":6},"end":{"line":191,"column":7}},{"start":{},"end":{}}],"line":185},"10":{"loc":{"start":{"line":193,"column":6},"end":{"line":199,"column":7}},"type":"if","locations":[{"start":{"line":193,"column":6},"end":{"line":199,"column":7}},{"start":{},"end":{}}],"line":193}},"s":{"0":1,"1":1,"2":1,"3":1,"4":1,"5":1,"6":4,"7":4,"8":4,"9":4,"10":1,"11":3,"12":3,"13":2,"14":1,"15":1,"16":1,"17":1,"18":1,"19":1,"20":1,"21":1,"22":0,"23":0,"24":0,"25":0,"26":0,"27":0,"28":0,"29":0,"30":0,"31":0,"32":0,"33":0,"34":0,"35":0,"36":0,"37":0,"38":0,"39":0,"40":0,"41":0,"42":0,"43":0,"44":0,"45":0,"46":0,"47":0,"48":0,"49":0,"50":0,"51":0,"52":0,"53":0,"54":0,"55":0,"56":0},"f":{"0":4,"1":0,"2":0},"b":{"0":[1,3],"1":[4,3,3],"2":[2,1],"3":[0,0],"4":[0,0],"5":[0,0],"6":[0,0],"7":[0,0],"8":[0,0],"9":[0,0],"10":[0,0]},"_coverageSchema":"1a1c01bbd47fc00a2c39e90264f33305004495a9","hash":"4ca93f1a44be6ff7ae4db0cec30c47cf5d67e742"}
,"G:\\Interviews\\To-Do-App\\to-do-app\\api\\models\\ToDo.js": {"path":"G:\\Interviews\\To-Do-App\\to-do-app\\api\\models\\ToDo.js","statementMap":{"0":{"start":{"line":8,"column":0},"end":{"line":33,"column":2}}},"fnMap":{},"branchMap":{},"s":{"0":1},"f":{},"b":{},"_coverageSchema":"1a1c01bbd47fc00a2c39e90264f33305004495a9","hash":"b4259355d1dd383cd37e599b1dd36555a8fbc14d"}
,"G:\\Interviews\\To-Do-App\\to-do-app\\api\\models\\User.js": {"path":"G:\\Interviews\\To-Do-App\\to-do-app\\api\\models\\User.js","statementMap":{"0":{"start":{"line":8,"column":0},"end":{"line":46,"column":2}},"1":{"start":{"line":28,"column":8},"end":{"line":33,"column":10}}},"fnMap":{"0":{"name":"(anonymous_0)","decl":{"start":{"line":23,"column":14},"end":{"line":23,"column":15}},"loc":{"start":{"line":23,"column":31},"end":{"line":34,"column":7}},"line":23}},"branchMap":{"0":{"loc":{"start":{"line":29,"column":10},"end":{"line":32,"column":30}},"type":"binary-expr","locations":[{"start":{"line":29,"column":10},"end":{"line":29,"column":27}},{"start":{"line":30,"column":10},"end":{"line":30,"column":27}},{"start":{"line":31,"column":10},"end":{"line":31,"column":31}},{"start":{"line":32,"column":10},"end":{"line":32,"column":30}}],"line":29}},"s":{"0":1,"1":1},"f":{"0":1},"b":{"0":[1,1,1,1]},"_coverageSchema":"1a1c01bbd47fc00a2c39e90264f33305004495a9","hash":"64e2bcfb345eb9cf2cb6d128b0a249490d08fd30"}
,"G:\\Interviews\\To-Do-App\\to-do-app\\api\\policies\\isAuthenticated.js": {"path":"G:\\Interviews\\To-Do-App\\to-do-app\\api\\policies\\isAuthenticated.js","statementMap":{"0":{"start":{"line":1,"column":12},"end":{"line":1,"column":35}},"1":{"start":{"line":4,"column":0},"end":{"line":36,"column":2}},"2":{"start":{"line":5,"column":2},"end":{"line":35,"column":3}},"3":{"start":{"line":8,"column":6},"end":{"line":8,"column":74}},"4":{"start":{"line":11,"column":4},"end":{"line":17,"column":5}},"5":{"start":{"line":12,"column":6},"end":{"line":16,"column":9}},"6":{"start":{"line":19,"column":4},"end":{"line":19,"column":23}},"7":{"start":{"line":22,"column":20},"end":{"line":22,"column":61}},"8":{"start":{"line":23,"column":4},"end":{"line":23,"column":36}},"9":{"start":{"line":26,"column":4},"end":{"line":26,"column":27}},"10":{"start":{"line":28,"column":4},"end":{"line":28,"column":21}},"11":{"start":{"line":30,"column":4},"end":{"line":34,"column":7}}},"fnMap":{"0":{"name":"(anonymous_0)","decl":{"start":{"line":4,"column":17},"end":{"line":4,"column":18}},"loc":{"start":{"line":4,"column":46},"end":{"line":36,"column":1}},"line":4}},"branchMap":{"0":{"loc":{"start":{"line":8,"column":6},"end":{"line":8,"column":74}},"type":"binary-expr","locations":[{"start":{"line":8,"column":6},"end":{"line":8,"column":31}},{"start":{"line":8,"column":35},"end":{"line":8,"column":74}}],"line":8},"1":{"loc":{"start":{"line":11,"column":4},"end":{"line":17,"column":5}},"type":"if","locations":[{"start":{"line":11,"column":4},"end":{"line":17,"column":5}},{"start":{},"end":{}}],"line":11}},"s":{"0":1,"1":1,"2":0,"3":0,"4":0,"5":0,"6":0,"7":0,"8":0,"9":0,"10":0,"11":0},"f":{"0":0},"b":{"0":[0,0],"1":[0,0]},"_coverageSchema":"1a1c01bbd47fc00a2c39e90264f33305004495a9","hash":"65c58e98eee4ea04e4f3fd3b6a88246147d2c49e"}
,"G:\\Interviews\\To-Do-App\\to-do-app\\config\\blueprints.js": {"path":"G:\\Interviews\\To-Do-App\\to-do-app\\config\\blueprints.js","statementMap":{"0":{"start":{"line":12,"column":0},"end":{"line":41,"column":2}}},"fnMap":{},"branchMap":{},"s":{"0":1},"f":{},"b":{},"_coverageSchema":"1a1c01bbd47fc00a2c39e90264f33305004495a9","hash":"549da29989f2e293270e7be336845da93bba64b2"}
,"G:\\Interviews\\To-Do-App\\to-do-app\\config\\bootstrap.js": {"path":"G:\\Interviews\\To-Do-App\\to-do-app\\config\\bootstrap.js","statementMap":{"0":{"start":{"line":12,"column":0},"end":{"line":30,"column":2}}},"fnMap":{"0":{"name":"(anonymous_0)","decl":{"start":{"line":12,"column":27},"end":{"line":12,"column":28}},"loc":{"start":{"line":12,"column":44},"end":{"line":30,"column":1}},"line":12}},"branchMap":{},"s":{"0":1},"f":{"0":1},"b":{},"_coverageSchema":"1a1c01bbd47fc00a2c39e90264f33305004495a9","hash":"9d525606cf479c4f7391da79931446d170dbf616"}
,"G:\\Interviews\\To-Do-App\\to-do-app\\config\\custom.js": {"path":"G:\\Interviews\\To-Do-App\\to-do-app\\config\\custom.js","statementMap":{"0":{"start":{"line":11,"column":0},"end":{"line":22,"column":2}}},"fnMap":{},"branchMap":{},"s":{"0":1},"f":{},"b":{},"_coverageSchema":"1a1c01bbd47fc00a2c39e90264f33305004495a9","hash":"9ac73d277bf51874c40055bc813704bf3ada4ad1"}
,"G:\\Interviews\\To-Do-App\\to-do-app\\config\\datastores.js": {"path":"G:\\Interviews\\To-Do-App\\to-do-app\\config\\datastores.js","statementMap":{"0":{"start":{"line":16,"column":0},"end":{"line":53,"column":2}}},"fnMap":{},"branchMap":{},"s":{"0":1},"f":{},"b":{},"_coverageSchema":"1a1c01bbd47fc00a2c39e90264f33305004495a9","hash":"3424652cec9636e41575a69a86f899d3187012d5"}
,"G:\\Interviews\\To-Do-App\\to-do-app\\config\\globals.js": {"path":"G:\\Interviews\\To-Do-App\\to-do-app\\config\\globals.js","statementMap":{"0":{"start":{"line":12,"column":0},"end":{"line":52,"column":2}}},"fnMap":{},"branchMap":{},"s":{"0":1},"f":{},"b":{},"_coverageSchema":"1a1c01bbd47fc00a2c39e90264f33305004495a9","hash":"a78f9f423986f67e2aee3818029fb62589c1127a"}
,"G:\\Interviews\\To-Do-App\\to-do-app\\config\\http.js": {"path":"G:\\Interviews\\To-Do-App\\to-do-app\\config\\http.js","statementMap":{"0":{"start":{"line":12,"column":0},"end":{"line":57,"column":2}},"1":{"start":{"line":52,"column":20},"end":{"line":52,"column":38}},"2":{"start":{"line":53,"column":25},"end":{"line":53,"column":50}},"3":{"start":{"line":54,"column":6},"end":{"line":54,"column":26}}},"fnMap":{"0":{"name":"_configureBodyParser","decl":{"start":{"line":51,"column":26},"end":{"line":51,"column":46}},"loc":{"start":{"line":51,"column":49},"end":{"line":55,"column":5}},"line":51}},"branchMap":{},"s":{"0":1,"1":1,"2":1,"3":1},"f":{"0":1},"b":{},"_coverageSchema":"1a1c01bbd47fc00a2c39e90264f33305004495a9","hash":"ef480c2d57429c0628ed63614908e0887782bf85"}
,"G:\\Interviews\\To-Do-App\\to-do-app\\config\\i18n.js": {"path":"G:\\Interviews\\To-Do-App\\to-do-app\\config\\i18n.js","statementMap":{"0":{"start":{"line":15,"column":0},"end":{"line":43,"column":2}}},"fnMap":{},"branchMap":{},"s":{"0":1},"f":{},"b":{},"_coverageSchema":"1a1c01bbd47fc00a2c39e90264f33305004495a9","hash":"b343107b83bc5438cfacb37265ce362e787aa36e"}
,"G:\\Interviews\\To-Do-App\\to-do-app\\config\\local.js": {"path":"G:\\Interviews\\To-Do-App\\to-do-app\\config\\local.js","statementMap":{"0":{"start":{"line":11,"column":0},"end":{"line":16,"column":2}}},"fnMap":{},"branchMap":{},"s":{"0":1},"f":{},"b":{},"_coverageSchema":"1a1c01bbd47fc00a2c39e90264f33305004495a9","hash":"4e59118b4d2762ea2a1bcd46e260ee708eb3ee5a"}
,"G:\\Interviews\\To-Do-App\\to-do-app\\config\\log.js": {"path":"G:\\Interviews\\To-Do-App\\to-do-app\\config\\log.js","statementMap":{"0":{"start":{"line":13,"column":0},"end":{"line":29,"column":2}}},"fnMap":{},"branchMap":{},"s":{"0":1},"f":{},"b":{},"_coverageSchema":"1a1c01bbd47fc00a2c39e90264f33305004495a9","hash":"ea5613e4061684b437af4f670d70b9f1ac011465"}
,"G:\\Interviews\\To-Do-App\\to-do-app\\config\\models.js": {"path":"G:\\Interviews\\To-Do-App\\to-do-app\\config\\models.js","statementMap":{"0":{"start":{"line":16,"column":0},"end":{"line":116,"column":2}}},"fnMap":{},"branchMap":{},"s":{"0":1},"f":{},"b":{},"_coverageSchema":"1a1c01bbd47fc00a2c39e90264f33305004495a9","hash":"c72d168bfc26a4cfa4b46dd4a7c009aba6805663"}
,"G:\\Interviews\\To-Do-App\\to-do-app\\config\\policies.js": {"path":"G:\\Interviews\\To-Do-App\\to-do-app\\config\\policies.js","statementMap":{"0":{"start":{"line":11,"column":0},"end":{"line":29,"column":2}}},"fnMap":{},"branchMap":{},"s":{"0":1},"f":{},"b":{},"_coverageSchema":"1a1c01bbd47fc00a2c39e90264f33305004495a9","hash":"b431f1046b7d37be04160944d5dbded79feed413"}
,"G:\\Interviews\\To-Do-App\\to-do-app\\config\\routes.js": {"path":"G:\\Interviews\\To-Do-App\\to-do-app\\config\\routes.js","statementMap":{"0":{"start":{"line":11,"column":0},"end":{"line":43,"column":2}}},"fnMap":{},"branchMap":{},"s":{"0":1},"f":{},"b":{},"_coverageSchema":"1a1c01bbd47fc00a2c39e90264f33305004495a9","hash":"e319ddf066b29e6c7da2d8ead0a0fc5ae6f9ece3"}
,"G:\\Interviews\\To-Do-App\\to-do-app\\config\\security.js": {"path":"G:\\Interviews\\To-Do-App\\to-do-app\\config\\security.js","statementMap":{"0":{"start":{"line":16,"column":0},"end":{"line":54,"column":2}}},"fnMap":{},"branchMap":{},"s":{"0":1},"f":{},"b":{},"_coverageSchema":"1a1c01bbd47fc00a2c39e90264f33305004495a9","hash":"aab9922b29fd9f3b673fe0822c921f73fdb72441"}
,"G:\\Interviews\\To-Do-App\\to-do-app\\config\\session.js": {"path":"G:\\Interviews\\To-Do-App\\to-do-app\\config\\session.js","statementMap":{"0":{"start":{"line":12,"column":0},"end":{"line":39,"column":2}}},"fnMap":{},"branchMap":{},"s":{"0":1},"f":{},"b":{},"_coverageSchema":"1a1c01bbd47fc00a2c39e90264f33305004495a9","hash":"51fa19593d20019e07018a6205f52512fddd595c"}
,"G:\\Interviews\\To-Do-App\\to-do-app\\config\\sockets.js": {"path":"G:\\Interviews\\To-Do-App\\to-do-app\\config\\sockets.js","statementMap":{"0":{"start":{"line":12,"column":0},"end":{"line":82,"column":2}}},"fnMap":{},"branchMap":{},"s":{"0":1},"f":{},"b":{},"_coverageSchema":"1a1c01bbd47fc00a2c39e90264f33305004495a9","hash":"af83d766d81e47ae68a3d8fce4a089a2f8a134fd"}
,"G:\\Interviews\\To-Do-App\\to-do-app\\config\\views.js": {"path":"G:\\Interviews\\To-Do-App\\to-do-app\\config\\views.js","statementMap":{"0":{"start":{"line":17,"column":0},"end":{"line":41,"column":2}}},"fnMap":{},"branchMap":{},"s":{"0":1},"f":{},"b":{},"_coverageSchema":"1a1c01bbd47fc00a2c39e90264f33305004495a9","hash":"578836a0211391eb7ad61f838863bde310942b71"}
}
