TN:
SF:api\controllers\ToDoController.js
FN:13,(anonymous_0)
FN:74,(anonymous_1)
FN:146,(anonymous_2)
FN:171,(anonymous_3)
FN:212,(anonymous_4)
FNF:5
FNH:0
FNDA:0,(anonymous_0)
FNDA:0,(anonymous_1)
FNDA:0,(anonymous_2)
FNDA:0,(anonymous_3)
FNDA:0,(anonymous_4)
DA:9,1
DA:11,1
DA:14,0
DA:15,0
DA:17,0
DA:20,0
DA:21,0
DA:29,0
DA:35,0
DA:36,0
DA:43,0
DA:48,0
DA:49,0
DA:53,0
DA:56,0
DA:62,0
DA:65,0
DA:75,0
DA:76,0
DA:77,0
DA:78,0
DA:81,0
DA:83,0
DA:84,0
DA:91,0
DA:95,0
DA:96,0
DA:103,0
DA:104,0
DA:111,0
DA:114,0
DA:115,0
DA:118,0
DA:119,0
DA:123,0
DA:128,0
DA:134,0
DA:137,0
DA:147,0
DA:148,0
DA:150,0
DA:153,0
DA:159,0
DA:162,0
DA:172,0
DA:174,0
DA:175,0
DA:178,0
DA:185,0
DA:186,0
DA:194,0
DA:200,0
DA:203,0
DA:213,0
DA:214,0
DA:215,0
DA:218,0
DA:220,0
DA:221,0
DA:229,0
DA:234,0
DA:240,0
DA:243,0
LF:63
LH:2
BRDA:20,0,0,0
BRDA:20,0,1,0
BRDA:35,1,0,0
BRDA:35,1,1,0
BRDA:48,2,0,0
BRDA:48,2,1,0
BRDA:83,3,0,0
BRDA:83,3,1,0
BRDA:95,4,0,0
BRDA:95,4,1,0
BRDA:103,5,0,0
BRDA:103,5,1,0
BRDA:114,6,0,0
BRDA:114,6,1,0
BRDA:118,7,0,0
BRDA:118,7,1,0
BRDA:185,8,0,0
BRDA:185,8,1,0
BRDA:220,9,0,0
BRDA:220,9,1,0
BRF:20
BRH:0
end_of_record
TN:
SF:api\controllers\UserController.js
FN:17,(anonymous_0)
FN:90,(anonymous_1)
FN:168,(anonymous_2)
FNF:3
FNH:1
FNDA:4,(anonymous_0)
FNDA:0,(anonymous_1)
FNDA:0,(anonymous_2)
DA:8,1
DA:9,1
DA:10,1
DA:11,1
DA:13,1
DA:15,1
DA:18,4
DA:19,4
DA:21,4
DA:24,4
DA:25,1
DA:33,3
DA:35,3
DA:36,2
DA:44,1
DA:47,1
DA:54,1
DA:60,1
DA:62,1
DA:64,1
DA:69,1
DA:72,1
DA:78,0
DA:81,0
DA:91,0
DA:92,0
DA:94,0
DA:97,0
DA:98,0
DA:105,0
DA:108,0
DA:110,0
DA:113,0
DA:114,0
DA:122,0
DA:124,0
DA:126,0
DA:134,0
DA:141,0
DA:148,0
DA:150,0
DA:156,0
DA:159,0
DA:169,0
DA:170,0
DA:172,0
DA:173,0
DA:180,0
DA:183,0
DA:185,0
DA:186,0
DA:193,0
DA:194,0
DA:202,0
DA:204,0
DA:210,0
DA:213,0
LF:57
LH:22
BRDA:24,0,0,1
BRDA:24,0,1,3
BRDA:24,1,0,4
BRDA:24,1,1,3
BRDA:24,1,2,3
BRDA:35,2,0,2
BRDA:35,2,1,1
BRDA:97,3,0,0
BRDA:97,3,1,0
BRDA:97,4,0,0
BRDA:97,4,1,0
BRDA:113,5,0,0
BRDA:113,5,1,0
BRDA:124,6,0,0
BRDA:124,6,1,0
BRDA:172,7,0,0
BRDA:172,7,1,0
BRDA:172,8,0,0
BRDA:172,8,1,0
BRDA:185,9,0,0
BRDA:185,9,1,0
BRDA:193,10,0,0
BRDA:193,10,1,0
BRF:23
BRH:7
end_of_record
TN:
SF:api\models\ToDo.js
FNF:0
FNH:0
DA:8,1
LF:1
LH:1
BRF:0
BRH:0
end_of_record
TN:
SF:api\models\User.js
FN:23,(anonymous_0)
FNF:1
FNH:1
FNDA:1,(anonymous_0)
DA:8,1
DA:28,1
LF:2
LH:2
BRDA:29,0,0,1
BRDA:29,0,1,1
BRDA:29,0,2,1
BRDA:29,0,3,1
BRF:4
BRH:4
end_of_record
TN:
SF:api\policies\isAuthenticated.js
FN:4,(anonymous_0)
FNF:1
FNH:0
FNDA:0,(anonymous_0)
DA:1,1
DA:4,1
DA:5,0
DA:8,0
DA:11,0
DA:12,0
DA:19,0
DA:22,0
DA:23,0
DA:26,0
DA:28,0
DA:30,0
LF:12
LH:2
BRDA:8,0,0,0
BRDA:8,0,1,0
BRDA:11,1,0,0
BRDA:11,1,1,0
BRF:4
BRH:0
end_of_record
TN:
SF:config\blueprints.js
FNF:0
FNH:0
DA:12,1
LF:1
LH:1
BRF:0
BRH:0
end_of_record
TN:
SF:config\bootstrap.js
FN:12,(anonymous_0)
FNF:1
FNH:1
FNDA:1,(anonymous_0)
DA:12,1
LF:1
LH:1
BRF:0
BRH:0
end_of_record
TN:
SF:config\custom.js
FNF:0
FNH:0
DA:11,1
LF:1
LH:1
BRF:0
BRH:0
end_of_record
TN:
SF:config\datastores.js
FNF:0
FNH:0
DA:16,1
LF:1
LH:1
BRF:0
BRH:0
end_of_record
TN:
SF:config\globals.js
FNF:0
FNH:0
DA:12,1
LF:1
LH:1
BRF:0
BRH:0
end_of_record
TN:
SF:config\http.js
FN:51,_configureBodyParser
FNF:1
FNH:1
FNDA:1,_configureBodyParser
DA:12,1
DA:52,1
DA:53,1
DA:54,1
LF:4
LH:4
BRF:0
BRH:0
end_of_record
TN:
SF:config\i18n.js
FNF:0
FNH:0
DA:15,1
LF:1
LH:1
BRF:0
BRH:0
end_of_record
TN:
SF:config\local.js
FNF:0
FNH:0
DA:11,1
LF:1
LH:1
BRF:0
BRH:0
end_of_record
TN:
SF:config\log.js
FNF:0
FNH:0
DA:13,1
LF:1
LH:1
BRF:0
BRH:0
end_of_record
TN:
SF:config\models.js
FNF:0
FNH:0
DA:16,1
LF:1
LH:1
BRF:0
BRH:0
end_of_record
TN:
SF:config\policies.js
FNF:0
FNH:0
DA:11,1
LF:1
LH:1
BRF:0
BRH:0
end_of_record
TN:
SF:config\routes.js
FNF:0
FNH:0
DA:11,1
LF:1
LH:1
BRF:0
BRH:0
end_of_record
TN:
SF:config\security.js
FNF:0
FNH:0
DA:16,1
LF:1
LH:1
BRF:0
BRH:0
end_of_record
TN:
SF:config\session.js
FNF:0
FNH:0
DA:12,1
LF:1
LH:1
BRF:0
BRH:0
end_of_record
TN:
SF:config\sockets.js
FNF:0
FNH:0
DA:12,1
LF:1
LH:1
BRF:0
BRH:0
end_of_record
TN:
SF:config\views.js
FNF:0
FNH:0
DA:17,1
LF:1
LH:1
BRF:0
BRH:0
end_of_record
